[10-May-2026 09:19:24 UTC] PHP Fatal error:  Uncaught PDOException: SQLSTATE[42S22]: Column not found: 1054 Unknown column 'b.client_id' in 'ON' in /home/u511039083/domains/webultrasolution.io/public_html/sudha/modules/operations/bookings.php:27
Stack trace:
#0 /home/u511039083/domains/webultrasolution.io/public_html/sudha/modules/operations/bookings.php(27): PDO->query()
#1 {main}
  thrown in /home/u511039083/domains/webultrasolution.io/public_html/sudha/modules/operations/bookings.php on line 27
[10-May-2026 09:26:28 UTC] PHP Fatal error:  Uncaught PDOException: SQLSTATE[42S02]: Base table or view not found: 1146 Table 'u511039083_sudha.bookings' doesn't exist in /home/u511039083/domains/webultrasolution.io/public_html/sudha/modules/operations/bookings.php:27
Stack trace:
#0 /home/u511039083/domains/webultrasolution.io/public_html/sudha/modules/operations/bookings.php(27): PDO->query()
#1 {main}
  thrown in /home/u511039083/domains/webultrasolution.io/public_html/sudha/modules/operations/bookings.php on line 27
[10-May-2026 09:31:27 UTC] PHP Fatal error:  Uncaught PDOException: SQLSTATE[42S02]: Base table or view not found: 1146 Table 'u511039083_sudha.bookings' doesn't exist in /home/u511039083/domains/webultrasolution.io/public_html/sudha/modules/operations/bookings.php:27
Stack trace:
#0 /home/u511039083/domains/webultrasolution.io/public_html/sudha/modules/operations/bookings.php(27): PDO->query()
#1 {main}
  thrown in /home/u511039083/domains/webultrasolution.io/public_html/sudha/modules/operations/bookings.php on line 27
[10-May-2026 15:12:22 Asia/Kolkata] PHP Warning:  Undefined array key "mounting_date" in /home/u511039083/domains/webultrasolution.io/public_html/sudha/modules/operations/view_booking.php on line 114
[10-May-2026 15:17:15 Asia/Kolkata] PHP Warning:  Undefined array key "mounting_date" in /home/u511039083/domains/webultrasolution.io/public_html/sudha/modules/operations/view_booking.php on line 114
[10-May-2026 16:08:41 Asia/Kolkata] PHP Warning:  Undefined array key "mounting_date" in /home/u511039083/domains/webultrasolution.io/public_html/sudha/modules/operations/view_booking.php on line 114
[10-May-2026 16:11:09 Asia/Kolkata] PHP Warning:  Undefined array key "mounting_date" in /home/u511039083/domains/webultrasolution.io/public_html/sudha/modules/operations/view_booking.php on line 114
[10-May-2026 16:12:48 Asia/Kolkata] PHP Warning:  Undefined array key "mounting_date" in /home/u511039083/domains/webultrasolution.io/public_html/sudha/modules/operations/view_booking.php on line 114
[10-May-2026 16:15:44 Asia/Kolkata] PHP Warning:  Undefined array key "mounting_date" in /home/u511039083/domains/webultrasolution.io/public_html/sudha/modules/operations/view_booking.php on line 114
[10-May-2026 16:17:15 Asia/Kolkata] PHP Warning:  Undefined array key "mounting_date" in /home/u511039083/domains/webultrasolution.io/public_html/sudha/modules/operations/view_booking.php on line 114
